c:\vsxm\moxing\x64\release\moc_moxing.obj
c:\vsxm\moxing\x64\release\qrc_moxing.obj
c:\vsxm\moxing\x64\release\moxing.obj
c:\vsxm\moxing\x64\release\main.obj
c:\vsxm\moxing\x64\release\moxing.exe
c:\vsxm\moxing\x64\release\moc\moc_moxing.cpp
c:\vsxm\moxing\x64\release\uic\ui_moxing.h
c:\vsxm\moxing\x64\release\rcc\qrc_moxing.cpp
c:\vsxm\moxing\x64\release\moxing.tlog\cl.command.1.tlog
c:\vsxm\moxing\x64\release\moxing.tlog\cl.read.1.tlog
c:\vsxm\moxing\x64\release\moxing.tlog\cl.write.1.tlog
c:\vsxm\moxing\x64\release\moxing.tlog\link.command.1.tlog
c:\vsxm\moxing\x64\release\moxing.tlog\link.read.1.tlog
c:\vsxm\moxing\x64\release\moxing.tlog\link.write.1.tlog
c:\vsxm\moxing\x64\release\moxing.tlog\moc.read.1u.tlog
c:\vsxm\moxing\x64\release\moxing.tlog\moc.write.1u.tlog
c:\vsxm\moxing\x64\release\moxing.tlog\moxing.write.1u.tlog
c:\vsxm\moxing\x64\release\moxing.tlog\rcc.read.1u.tlog
c:\vsxm\moxing\x64\release\moxing.tlog\rcc.write.1u.tlog
c:\vsxm\moxing\x64\release\moxing.tlog\uic.read.1u.tlog
c:\vsxm\moxing\x64\release\moxing.tlog\uic.write.1u.tlog
